Started GET "/" for 127.0.0.1 at 2022-02-18 13:01:02 +0300
  [1m[35m (1.2ms)[0m  [1m[34mSELECT sqlite_version(*)[0m
  [1m[36mActiveRecord::SchemaMigration Pluck (0.5ms)[0m  [1m[34mSELECT "schema_migrations"."version" FROM "schema_migrations" ORDER BY "schema_migrations"."version" ASC[0m
Processing by PostsController#index as HTML
  [1m[36mUser Load (0.3ms)[0m  [1m[34mSELECT "users".* FROM "users" WHERE "users"."id" IS NULL LIMIT ?[0m  [["LIMIT", 1]]
  ↳ app/helpers/session_helper.rb:23:in `current_user'
  Rendering layout layouts/application.html.erb
  Rendering posts/index.html.erb within layouts/application
  [1m[36mPost Load (0.2ms)[0m  [1m[34mSELECT "posts".* FROM "posts"[0m
  ↳ app/views/posts/index.html.erb:6
  [1m[36mUser Load (0.1ms)[0m  [1m[34mSELECT "users".* FROM "users" WHERE "users"."id" = ? LIMIT ?[0m  [["id", 1], ["LIMIT", 1]]
  ↳ app/views/posts/_post.html.erb:4
  Rendered posts/_post.html.erb (Duration: 16.2ms | Allocations: 8826)
  Rendered posts/index.html.erb within layouts/application (Duration: 45.6ms | Allocations: 19241)
  Rendered layout layouts/application.html.erb (Duration: 219.8ms | Allocations: 98463)
Completed 200 OK in 261ms (Views: 224.8ms | ActiveRecord: 2.2ms | Allocations: 113980)


Started GET "/posts/3" for 127.0.0.1 at 2022-02-18 13:01:04 +0300
Processing by PostsController#show as HTML
  Parameters: {"id"=>"3"}
  [1m[36mUser Load (0.2ms)[0m  [1m[34mSELECT "users".* FROM "users" WHERE "users"."id" IS NULL LIMIT ?[0m  [["LIMIT", 1]]
  ↳ app/helpers/session_helper.rb:23:in `current_user'
  [1m[36mPost Load (0.2ms)[0m  [1m[34mSELECT "posts".* FROM "posts" WHERE "posts"."id" = ? LIMIT ?[0m  [["id", 3], ["LIMIT", 1]]
  ↳ app/controllers/posts_controller.rb:67:in `set_post'
  Rendering layout layouts/application.html.erb
  Rendering posts/show.html.erb within layouts/application
  [1m[36mUser Load (0.2ms)[0m  [1m[34mSELECT "users".* FROM "users" WHERE "users"."id" = ? LIMIT ?[0m  [["id", 1], ["LIMIT", 1]]
  ↳ app/views/posts/_post.html.erb:4
  Rendered posts/_post.html.erb (Duration: 3.8ms | Allocations: 744)
  [1m[36mComment Load (0.3ms)[0m  [1m[34mSELECT "comments".* FROM "comments" WHERE "comments"."id" = ? LIMIT ?[0m  [["id", 3], ["LIMIT", 1]]
  ↳ app/models/post.rb:9:in `get_comments'
  [1m[36mComment Load (0.2ms)[0m  [1m[34mSELECT "comments".* FROM "comments" WHERE "comments"."comment_id" = ?[0m  [["comment_id", 3]]
  ↳ app/models/comment.rb:11:in `map'
  [1m[36mComment Load (0.2ms)[0m  [1m[34mSELECT "comments".* FROM "comments" WHERE "comments"."comment_id" = ?[0m  [["comment_id", 19]]
  ↳ app/models/comment.rb:11:in `map'
  [1m[36mComment Load (0.2ms)[0m  [1m[34mSELECT "comments".* FROM "comments" WHERE "comments"."comment_id" = ?[0m  [["comment_id", 23]]
  ↳ app/models/comment.rb:11:in `map'
  [1m[36mComment Load (0.2ms)[0m  [1m[34mSELECT "comments".* FROM "comments" WHERE "comments"."comment_id" = ?[0m  [["comment_id", 24]]
  ↳ app/models/comment.rb:11:in `map'
  [1m[36mComment Load (0.1ms)[0m  [1m[34mSELECT "comments".* FROM "comments" WHERE "comments"."comment_id" = ?[0m  [["comment_id", 25]]
  ↳ app/models/comment.rb:11:in `map'
  [1m[36mComment Load (0.1ms)[0m  [1m[34mSELECT "comments".* FROM "comments" WHERE "comments"."comment_id" = ?[0m  [["comment_id", 26]]
  ↳ app/models/comment.rb:11:in `map'
  [1m[36mUser Load (0.1ms)[0m  [1m[34mSELECT "users".* FROM "users" WHERE "users"."id" = ? LIMIT ?[0m  [["id", 2], ["LIMIT", 1]]
  ↳ app/views/posts/show.html.erb:8
  [1m[36mCACHE User Load (0.0ms)[0m  [1m[34mSELECT "users".* FROM "users" WHERE "users"."id" = ? LIMIT ?[0m  [["id", 1], ["LIMIT", 1]]
  ↳ app/views/posts/show.html.erb:8
  [1m[36mCACHE User Load (0.0ms)[0m  [1m[34mSELECT "users".* FROM "users" WHERE "users"."id" = ? LIMIT ?[0m  [["id", 1], ["LIMIT", 1]]
  ↳ app/views/posts/show.html.erb:8
  [1m[36mUser Load (0.2ms)[0m  [1m[34mSELECT "users".* FROM "users" WHERE "users"."id" = ? LIMIT ?[0m  [["id", 4], ["LIMIT", 1]]
  ↳ app/views/posts/show.html.erb:8
  [1m[36mCACHE User Load (0.0ms)[0m  [1m[34mSELECT "users".* FROM "users" WHERE "users"."id" = ? LIMIT ?[0m  [["id", 4], ["LIMIT", 1]]
  ↳ app/views/posts/show.html.erb:8
  Rendered posts/show.html.erb within layouts/application (Duration: 65.3ms | Allocations: 21552)
  Rendered layout layouts/application.html.erb (Duration: 69.7ms | Allocations: 25313)
Completed 200 OK in 83ms (Views: 68.7ms | ActiveRecord: 3.3ms | Allocations: 27797)


Started GET "/" for 127.0.0.1 at 2022-02-18 13:10:28 +0300
  [1m[35m (1.1ms)[0m  [1m[34mSELECT sqlite_version(*)[0m
  [1m[36mActiveRecord::SchemaMigration Pluck (0.2ms)[0m  [1m[34mSELECT "schema_migrations"."version" FROM "schema_migrations" ORDER BY "schema_migrations"."version" ASC[0m
Processing by PostsController#index as HTML
  [1m[36mUser Load (0.3ms)[0m  [1m[34mSELECT "users".* FROM "users" WHERE "users"."id" IS NULL LIMIT ?[0m  [["LIMIT", 1]]
  ↳ app/helpers/session_helper.rb:23:in `current_user'
  Rendering layout layouts/application.html.erb
  Rendering posts/index.html.erb within layouts/application
  [1m[36mPost Load (0.2ms)[0m  [1m[34mSELECT "posts".* FROM "posts"[0m
  ↳ app/views/posts/index.html.erb:6
  [1m[36mUser Load (0.3ms)[0m  [1m[34mSELECT "users".* FROM "users" WHERE "users"."id" = ? LIMIT ?[0m  [["id", 1], ["LIMIT", 1]]
  ↳ app/views/posts/_post.html.erb:4
  Rendered posts/_post.html.erb (Duration: 17.1ms | Allocations: 8825)
  Rendered posts/index.html.erb within layouts/application (Duration: 42.0ms | Allocations: 19235)
  Rendered layout layouts/application.html.erb (Duration: 119.4ms | Allocations: 52987)
Completed 200 OK in 164ms (Views: 122.9ms | ActiveRecord: 2.6ms | Allocations: 68621)


